producer_class	xtools.gsea.GseaPreranked
producer_timestamp	1661066236010
param	rpt_label	my_analysis
param	rnd_seed	timestamp
param	set_min	1
param	zip_report	false
param	create_svgs	false
param	scoring_scheme	classic
param	rnk	D:\EG_Documents\Home\Research\SBEC Conference\Paper\Gene Processing Data\GSEA\Data Files 3\Rank List.rnk
param	norm	meandiv
param	out	C:\Users\Eric Gong\gsea_home\output\aug21
param	mode	Abs_max_of_probes
param	include_only_symbols	true
param	help	false
param	set_max	1000
param	gmx	D:\EG_Documents\Home\Research\SBEC Conference\Paper\Gene Processing Data\GSEA\Data Files 3\CBioPortal CNA.gmx
param	make_sets	true
param	plot_top_x	20
param	gui	false
param	nperm	1000
param	collapse	No_Collapse

file	C:\Users\Eric Gong\gsea_home\output\aug21\my_analysis.GseaPreranked.1661066236010\index.html
